<?xml version="1.0" encoding="UTF-8"?>
<testsuite xmlns:xsi="http://www.w3.org/2001/XMLSchema-instance" xsi:noNamespaceSchemaLocation="https://maven.apache.org/surefire/maven-surefire-plugin/xsd/surefire-test-report.xsd" version="3.0.2" name="it.demo.config.MmQuizConfigServerApplicationTests" time="10.581" tests="1" errors="0" skipped="0" failures="0">
  <properties>
[...]
</properties>
  <testcase name="contextLoads" classname="it.demo.config.MmQuizConfigServerApplicationTests" time="1.752">
    <system-out><![CDATA[18:58:33.250 [main] INFO org.springframework.test.context.support.AnnotationConfigContextLoaderUtils -- Could not detect default configuration classes for test class [it.demo.config.MmQuizConfigServerApplicationTests]: MmQuizConfigServerApplicationTests does not declare any static, non-private, non-final, nested classes annotated with @Configuration.
18:58:33.526 [main] INFO org.springframework.boot.test.context.SpringBootTestContextBootstrapper -- Found @SpringBootConfiguration it.demo.config.MmQuizConfigServerApplication for test class it.demo.config.MmQuizConfigServerApplicationTests

  .   ____          _            __ _ _
 /\\ / ___'_ __ _ _(_)_ __  __ _ \ \ \ \
( ( )\___ | '_ | '_| | '_ \/ _` | \ \ \ \
 \\/  ___)| |_)| | | | | || (_| |  ) ) ) )
  '  |____| .__|_| |_|_| |_\__, | / / / /
 =========|_|==============|___/=/_/_/_/

 :: Spring Boot ::                (v3.4.2)

2025-02-10T18:58:35.330+01:00  INFO 31252 --- [config-server] [           main] i.d.c.MmQuizConfigServerApplicationTests : Starting MmQuizConfigServerApplicationTests using Java 21.0.6 with PID 31252 (started by doria in C:\Users\doria\workspace2024\MM_quiz_Config_Server)
2025-02-10T18:58:35.335+01:00  INFO 31252 --- [config-server] [           main] i.d.c.MmQuizConfigServerApplicationTests : The following 1 profile is active: "native"
2025-02-10T18:58:38.480+01:00  INFO 31252 --- [config-server] [           main] o.s.cloud.context.scope.GenericScope     : BeanFactory id=a828cd11-4294-392c-bfe3-c91e6b46a747
2025-02-10T18:58:41.202+01:00  INFO 31252 --- [config-server] [           main] o.s.b.a.e.web.EndpointLinksResolver      : Exposing 1 endpoint beneath base path '/actuator'
2025-02-10T18:58:41.361+01:00  INFO 31252 --- [config-server] [           main] i.d.c.MmQuizConfigServerApplicationTests : Started MmQuizConfigServerApplicationTests in 7.038 seconds (process running for 9.902)
]]></system-out>
    <system-err><![CDATA[Mockito is currently self-attaching to enable the inline-mock-maker. This will no longer work in future releases of the JDK. Please add Mockito as an agent to your build what is described in Mockito's documentation: https://javadoc.io/doc/org.mockito/mockito-core/latest/org/mockito/Mockito.html#0.3
WARNING: A Java agent has been loaded dynamically (C:\Users\doria\.m2\repository\net\bytebuddy\byte-buddy-agent\1.15.11\byte-buddy-agent-1.15.11.jar)
WARNING: If a serviceability tool is in use, please run with -XX:+EnableDynamicAgentLoading to hide this warning
WARNING: If a serviceability tool is not in use, please run with -Djdk.instrument.traceUsage for more information
WARNING: Dynamic loading of agents will be disallowed by default in a future release
]]></system-err>
  </testcase>
</testsuite>